build/app/intermediates/manifest_merge_blame_file/debug/manifest-merger-blame-debug-report.txt
1<?xml version="1.0" encoding="utf-8"?>
2<manifest xmlns:android="http://schemas.android.com/apk/res/android"
3    package="com.example.dogs_park"
4    android:versionCode="1"
5    android:versionName="1.0.0" >
6
7    <uses-sdk
8        android:minSdkVersion="20"
9        android:targetSdkVersion="31" />
10    <!--
11         The INTERNET permission is required for development. Specifically,
12         the Flutter tool needs it to communicate with the running application
13         to allow setting breakpoints, to provide hot reload, etc.
14    -->
15    <uses-permission android:name="android.permission.INTERNET" />
15-->src/main/AndroidManifest.xml:3:5-66
15-->src/main/AndroidManifest.xml:3:22-64
16    <uses-permission android:name="android.permission.WAKE_LOCK" />
16-->[:firebase_messaging] AndroidManifest.xml:10:5-68
16-->[:firebase_messaging] AndroidManifest.xml:10:22-65
17    <uses-permission android:name="android.permission.ACCESS_NETWORK_STATE" /> <!-- Permissions options for the `notification` group -->
17-->[:firebase_messaging] AndroidManifest.xml:11:5-79
17-->[:firebase_messaging] AndroidManifest.xml:11:22-76
18    <uses-permission android:name="android.permission.POST_NOTIFICATIONS" />
18-->[:firebase_messaging] AndroidManifest.xml:13:5-77
18-->[:firebase_messaging] AndroidManifest.xml:13:22-74
19    <uses-permission android:name="android.permission.FOREGROUND_SERVICE" /> <!-- Required by older versions of Google Play services to create IID tokens -->
19-->[:geolocator_android] AndroidManifest.xml:9:5-77
19-->[:geolocator_android] AndroidManifest.xml:9:22-74
20    <uses-permission android:name="com.google.android.c2dm.permission.RECEIVE" />
20-->[com.google.firebase:firebase-messaging:23.0.8] AndroidManifest.xml:29:5-82
20-->[com.google.firebase:firebase-messaging:23.0.8] AndroidManifest.xml:29:22-79
21
22    <uses-feature
22-->[com.google.android.gms:play-services-maps:18.0.2] AndroidManifest.xml:26:5-28:35
23        android:glEsVersion="0x00020000"
23-->[com.google.android.gms:play-services-maps:18.0.2] AndroidManifest.xml:27:9-41
24        android:required="true" />
24-->[com.google.android.gms:play-services-maps:18.0.2] AndroidManifest.xml:28:9-32
25
26    <queries>
26-->[com.google.android.gms:play-services-maps:18.0.2] AndroidManifest.xml:30:5-34:15
27
28        <!-- Needs to be explicitly declared on Android R+ -->
29        <package android:name="com.google.android.apps.maps" />
29-->[com.google.android.gms:play-services-maps:18.0.2] AndroidManifest.xml:33:9-64
29-->[com.google.android.gms:play-services-maps:18.0.2] AndroidManifest.xml:33:18-61
30    </queries>
31
32    <application
33        android:name="io.flutter.app.FlutterMultiDexApplication"
34        android:appComponentFactory="androidx.core.app.CoreComponentFactory"
34-->[androidx.core:core:1.8.0] AndroidManifest.xml:24:18-86
35        android:debuggable="true"
36        android:icon="@mipmap/ic_launcher"
37        android:label="dogs_park" >
38        <meta-data
39            android:name="com.google.android.geo.API_KEY"
40            android:value="AIzaSyB9afOYvGHDZSoC9TikPX2LvDKWFr7Tm4E" />
41
42        <activity
43            android:name="com.example.dogs_park.MainActivity"
44            android:configChanges="orientation|keyboardHidden|keyboard|screenSize|smallestScreenSize|locale|layoutDirection|fontScale|screenLayout|density|uiMode"
45            android:exported="true"
46            android:hardwareAccelerated="true"
47            android:launchMode="singleTop"
48            android:theme="@style/LaunchTheme"
49            android:windowSoftInputMode="adjustResize" >
50
51            <!--
52                 Specifies an Android theme to apply to this Activity as soon as
53                 the Android process has started. This theme is visible to the user
54                 while the Flutter UI initializes. After that, this theme continues
55                 to determine the Window background behind the Flutter UI.
56            -->
57            <meta-data
58                android:name="io.flutter.embedding.android.NormalTheme"
59                android:resource="@style/NormalTheme" />
60
61            <intent-filter>
62                <action android:name="android.intent.action.MAIN" />
63
64                <category android:name="android.intent.category.LAUNCHER" />
65            </intent-filter>
66        </activity>
67        <!--
68             Don't delete the meta-data below.
69             This is used by the Flutter tool to generate GeneratedPluginRegistrant.java
70        -->
71        <meta-data
72            android:name="flutterEmbedding"
73            android:value="2" />
74
75        <service
75-->[:firebase_crashlytics] AndroidManifest.xml:10:9-14:19
76            android:name="com.google.firebase.components.ComponentDiscoveryService"
76-->[:firebase_crashlytics] AndroidManifest.xml:10:18-89
77            android:directBootAware="true"
77-->[com.google.firebase:firebase-common:20.1.2] AndroidManifest.xml:35:13-43
78            android:exported="false" >
78-->[com.google.firebase:firebase-auth:21.0.8] AndroidManifest.xml:66:13-37
79            <meta-data
79-->[:firebase_crashlytics] AndroidManifest.xml:11:13-13:85
80                android:name="com.google.firebase.components:io.flutter.plugins.firebase.crashlytics.FlutterFirebaseAppRegistrar"
80-->[:firebase_crashlytics] AndroidManifest.xml:12:17-130
81                android:value="com.google.firebase.components.ComponentRegistrar" />
81-->[:firebase_crashlytics] AndroidManifest.xml:13:17-82
82            <meta-data
82-->[:firebase_auth] AndroidManifest.xml:11:13-13:85
83                android:name="com.google.firebase.components:io.flutter.plugins.firebase.auth.FlutterFirebaseAuthRegistrar"
83-->[:firebase_auth] AndroidManifest.xml:12:17-124
84                android:value="com.google.firebase.components.ComponentRegistrar" />
84-->[:firebase_auth] AndroidManifest.xml:13:17-82
85            <meta-data
85-->[:firebase_messaging] AndroidManifest.xml:38:13-40:85
86                android:name="com.google.firebase.components:io.flutter.plugins.firebase.messaging.FlutterFirebaseAppRegistrar"
86-->[:firebase_messaging] AndroidManifest.xml:39:17-128
87                android:value="com.google.firebase.components.ComponentRegistrar" />
87-->[:firebase_messaging] AndroidManifest.xml:40:17-82
88            <meta-data
88-->[:firebase_core] AndroidManifest.xml:11:13-13:85
89                android:name="com.google.firebase.components:io.flutter.plugins.firebase.core.FlutterFirebaseCoreRegistrar"
89-->[:firebase_core] AndroidManifest.xml:12:17-124
90                android:value="com.google.firebase.components.ComponentRegistrar" />
90-->[:firebase_core] AndroidManifest.xml:13:17-82
91            <meta-data
91-->[com.google.firebase:firebase-auth:21.0.8] AndroidManifest.xml:67:13-69:85
92                android:name="com.google.firebase.components:com.google.firebase.auth.FirebaseAuthRegistrar"
92-->[com.google.firebase:firebase-auth:21.0.8] AndroidManifest.xml:68:17-109
93                android:value="com.google.firebase.components.ComponentRegistrar" />
93-->[com.google.firebase:firebase-auth:21.0.8] AndroidManifest.xml:69:17-82
94            <meta-data
94-->[com.google.firebase:firebase-messaging:23.0.8] AndroidManifest.xml:56:13-58:85
95                android:name="com.google.firebase.components:com.google.firebase.messaging.FirebaseMessagingRegistrar"
95-->[com.google.firebase:firebase-messaging:23.0.8] AndroidManifest.xml:57:17-119
96                android:value="com.google.firebase.components.ComponentRegistrar" />
96-->[com.google.firebase:firebase-messaging:23.0.8] AndroidManifest.xml:58:17-82
97            <meta-data
97-->[com.google.firebase:firebase-crashlytics:18.2.13] AndroidManifest.xml:18:13-20:85
98                android:name="com.google.firebase.components:com.google.firebase.crashlytics.CrashlyticsRegistrar"
98-->[com.google.firebase:firebase-crashlytics:18.2.13] AndroidManifest.xml:19:17-115
99                android:value="com.google.firebase.components.ComponentRegistrar" />
99-->[com.google.firebase:firebase-crashlytics:18.2.13] AndroidManifest.xml:20:17-82
100            <meta-data
100-->[com.google.firebase:firebase-datatransport:18.1.6] AndroidManifest.xml:28:13-30:85
101                android:name="com.google.firebase.components:com.google.firebase.datatransport.TransportRegistrar"
101-->[com.google.firebase:firebase-datatransport:18.1.6] AndroidManifest.xml:29:17-115
102                android:value="com.google.firebase.components.ComponentRegistrar" />
102-->[com.google.firebase:firebase-datatransport:18.1.6] AndroidManifest.xml:30:17-82
103            <meta-data
103-->[com.google.firebase:firebase-installations:17.0.3] AndroidManifest.xml:18:13-20:85
104                android:name="com.google.firebase.components:com.google.firebase.installations.FirebaseInstallationsRegistrar"
104-->[com.google.firebase:firebase-installations:17.0.3] AndroidManifest.xml:19:17-127
105                android:value="com.google.firebase.components.ComponentRegistrar" />
105-->[com.google.firebase:firebase-installations:17.0.3] AndroidManifest.xml:20:17-82
106        </service>
107        <service
107-->[:firebase_messaging] AndroidManifest.xml:16:9-19:72
108            android:name="io.flutter.plugins.firebase.messaging.FlutterFirebaseMessagingBackgroundService"
108-->[:firebase_messaging] AndroidManifest.xml:17:13-107
109            android:exported="false"
109-->[:firebase_messaging] AndroidManifest.xml:18:13-37
110            android:permission="android.permission.BIND_JOB_SERVICE" />
110-->[:firebase_messaging] AndroidManifest.xml:19:13-69
111        <service
111-->[:firebase_messaging] AndroidManifest.xml:20:9-26:19
112            android:name="io.flutter.plugins.firebase.messaging.FlutterFirebaseMessagingService"
112-->[:firebase_messaging] AndroidManifest.xml:21:13-97
113            android:exported="false" >
113-->[:firebase_messaging] AndroidManifest.xml:22:13-37
114            <intent-filter>
114-->[:firebase_messaging] AndroidManifest.xml:23:13-25:29
115                <action android:name="com.google.firebase.MESSAGING_EVENT" />
115-->[:firebase_messaging] AndroidManifest.xml:24:17-78
115-->[:firebase_messaging] AndroidManifest.xml:24:25-75
116            </intent-filter>
117        </service>
118
119        <receiver
119-->[:firebase_messaging] AndroidManifest.xml:28:9-35:20
120            android:name="io.flutter.plugins.firebase.messaging.FlutterFirebaseMessagingReceiver"
120-->[:firebase_messaging] AndroidManifest.xml:29:13-98
121            android:exported="true"
121-->[:firebase_messaging] AndroidManifest.xml:30:13-36
122            android:permission="com.google.android.c2dm.permission.SEND" >
122-->[:firebase_messaging] AndroidManifest.xml:31:13-73
123            <intent-filter>
123-->[:firebase_messaging] AndroidManifest.xml:32:13-34:29
124                <action android:name="com.google.android.c2dm.intent.RECEIVE" />
124-->[:firebase_messaging] AndroidManifest.xml:33:17-81
124-->[:firebase_messaging] AndroidManifest.xml:33:25-78
125            </intent-filter>
126        </receiver>
127
128        <provider
128-->[:firebase_messaging] AndroidManifest.xml:43:9-47:38
129            android:name="io.flutter.plugins.firebase.messaging.FlutterFirebaseMessagingInitProvider"
129-->[:firebase_messaging] AndroidManifest.xml:44:13-102
130            android:authorities="com.example.dogs_park.flutterfirebasemessaginginitprovider"
130-->[:firebase_messaging] AndroidManifest.xml:45:13-88
131            android:exported="false"
131-->[:firebase_messaging] AndroidManifest.xml:46:13-37
132            android:initOrder="99" />
132-->[:firebase_messaging] AndroidManifest.xml:47:13-35
133
134        <service
134-->[:geolocator_android] AndroidManifest.xml:12:9-16:56
135            android:name="com.baseflow.geolocator.GeolocatorLocationService"
135-->[:geolocator_android] AndroidManifest.xml:13:13-77
136            android:enabled="true"
136-->[:geolocator_android] AndroidManifest.xml:14:13-35
137            android:exported="false"
137-->[:geolocator_android] AndroidManifest.xml:15:13-37
138            android:foregroundServiceType="location" />
138-->[:geolocator_android] AndroidManifest.xml:16:13-53
139
140        <provider
140-->[:image_picker_android] AndroidManifest.xml:10:9-18:20
141            android:name="io.flutter.plugins.imagepicker.ImagePickerFileProvider"
141-->[:image_picker_android] AndroidManifest.xml:11:13-82
142            android:authorities="com.example.dogs_park.flutter.image_provider"
142-->[:image_picker_android] AndroidManifest.xml:12:13-74
143            android:exported="false"
143-->[:image_picker_android] AndroidManifest.xml:13:13-37
144            android:grantUriPermissions="true" >
144-->[:image_picker_android] AndroidManifest.xml:14:13-47
145            <meta-data
145-->[:image_picker_android] AndroidManifest.xml:15:13-17:75
146                android:name="android.support.FILE_PROVIDER_PATHS"
146-->[:image_picker_android] AndroidManifest.xml:16:17-67
147                android:resource="@xml/flutter_image_picker_file_paths" />
147-->[:image_picker_android] AndroidManifest.xml:17:17-72
148        </provider>
149
150        <activity
150-->[:url_launcher_android] AndroidManifest.xml:10:9-13:74
151            android:name="io.flutter.plugins.urllauncher.WebViewActivity"
151-->[:url_launcher_android] AndroidManifest.xml:11:13-74
152            android:exported="false"
152-->[:url_launcher_android] AndroidManifest.xml:12:13-37
153            android:theme="@android:style/Theme.NoTitleBar.Fullscreen" />
153-->[:url_launcher_android] AndroidManifest.xml:13:13-71
154
155        <provider
155-->[:share] AndroidManifest.xml:10:9-18:20
156            android:name="io.flutter.plugins.share.ShareFileProvider"
156-->[:share] AndroidManifest.xml:11:13-70
157            android:authorities="com.example.dogs_park.flutter.share_provider"
157-->[:share] AndroidManifest.xml:12:13-74
158            android:exported="false"
158-->[:share] AndroidManifest.xml:13:13-37
159            android:grantUriPermissions="true" >
159-->[:share] AndroidManifest.xml:14:13-47
160            <meta-data
160-->[:image_picker_android] AndroidManifest.xml:15:13-17:75
161                android:name="android.support.FILE_PROVIDER_PATHS"
161-->[:image_picker_android] AndroidManifest.xml:16:17-67
162                android:resource="@xml/flutter_share_file_paths" />
162-->[:image_picker_android] AndroidManifest.xml:17:17-72
163        </provider>
164
165        <uses-library
165-->[androidx.window:window:1.0.0-beta04] AndroidManifest.xml:25:9-27:40
166            android:name="androidx.window.extensions"
166-->[androidx.window:window:1.0.0-beta04] AndroidManifest.xml:26:13-54
167            android:required="false" />
167-->[androidx.window:window:1.0.0-beta04] AndroidManifest.xml:27:13-37
168        <uses-library
168-->[androidx.window:window:1.0.0-beta04] AndroidManifest.xml:28:9-30:40
169            android:name="androidx.window.sidecar"
169-->[androidx.window:window:1.0.0-beta04] AndroidManifest.xml:29:13-51
170            android:required="false" />
170-->[androidx.window:window:1.0.0-beta04] AndroidManifest.xml:30:13-37
171
172        <activity
172-->[com.google.firebase:firebase-auth:21.0.8] AndroidManifest.xml:27:9-44:20
173            android:name="com.google.firebase.auth.internal.GenericIdpActivity"
173-->[com.google.firebase:firebase-auth:21.0.8] AndroidManifest.xml:28:13-80
174            android:excludeFromRecents="true"
174-->[com.google.firebase:firebase-auth:21.0.8] AndroidManifest.xml:29:13-46
175            android:exported="true"
175-->[com.google.firebase:firebase-auth:21.0.8] AndroidManifest.xml:30:13-36
176            android:launchMode="singleTask"
176-->[com.google.firebase:firebase-auth:21.0.8] AndroidManifest.xml:31:13-44
177            android:theme="@android:style/Theme.Translucent.NoTitleBar" >
177-->[com.google.firebase:firebase-auth:21.0.8] AndroidManifest.xml:32:13-72
178            <intent-filter>
178-->[com.google.firebase:firebase-auth:21.0.8] AndroidManifest.xml:33:13-43:29
179                <action android:name="android.intent.action.VIEW" />
179-->[com.google.firebase:firebase-auth:21.0.8] AndroidManifest.xml:34:17-69
179-->[com.google.firebase:firebase-auth:21.0.8] AndroidManifest.xml:34:25-66
180
181                <category android:name="android.intent.category.DEFAULT" />
181-->[com.google.firebase:firebase-auth:21.0.8] AndroidManifest.xml:36:17-76
181-->[com.google.firebase:firebase-auth:21.0.8] AndroidManifest.xml:36:27-73
182                <category android:name="android.intent.category.BROWSABLE" />
182-->[com.google.firebase:firebase-auth:21.0.8] AndroidManifest.xml:37:17-78
182-->[com.google.firebase:firebase-auth:21.0.8] AndroidManifest.xml:37:27-75
183
184                <data
184-->[com.google.firebase:firebase-auth:21.0.8] AndroidManifest.xml:39:17-42:51
185                    android:host="firebase.auth"
185-->[com.google.firebase:firebase-auth:21.0.8] AndroidManifest.xml:40:21-49
186                    android:path="/"
186-->[com.google.firebase:firebase-auth:21.0.8] AndroidManifest.xml:41:21-37
187                    android:scheme="genericidp" />
187-->[com.google.firebase:firebase-auth:21.0.8] AndroidManifest.xml:42:21-48
188            </intent-filter>
189        </activity>
190        <activity
190-->[com.google.firebase:firebase-auth:21.0.8] AndroidManifest.xml:45:9-62:20
191            android:name="com.google.firebase.auth.internal.RecaptchaActivity"
191-->[com.google.firebase:firebase-auth:21.0.8] AndroidManifest.xml:46:13-79
192            android:excludeFromRecents="true"
192-->[com.google.firebase:firebase-auth:21.0.8] AndroidManifest.xml:47:13-46
193            android:exported="true"
193-->[com.google.firebase:firebase-auth:21.0.8] AndroidManifest.xml:48:13-36
194            android:launchMode="singleTask"
194-->[com.google.firebase:firebase-auth:21.0.8] AndroidManifest.xml:49:13-44
195            android:theme="@android:style/Theme.Translucent.NoTitleBar" >
195-->[com.google.firebase:firebase-auth:21.0.8] AndroidManifest.xml:50:13-72
196            <intent-filter>
196-->[com.google.firebase:firebase-auth:21.0.8] AndroidManifest.xml:51:13-61:29
197                <action android:name="android.intent.action.VIEW" />
197-->[com.google.firebase:firebase-auth:21.0.8] AndroidManifest.xml:34:17-69
197-->[com.google.firebase:firebase-auth:21.0.8] AndroidManifest.xml:34:25-66
198
199                <category android:name="android.intent.category.DEFAULT" />
199-->[com.google.firebase:firebase-auth:21.0.8] AndroidManifest.xml:36:17-76
199-->[com.google.firebase:firebase-auth:21.0.8] AndroidManifest.xml:36:27-73
200                <category android:name="android.intent.category.BROWSABLE" />
200-->[com.google.firebase:firebase-auth:21.0.8] AndroidManifest.xml:37:17-78
200-->[com.google.firebase:firebase-auth:21.0.8] AndroidManifest.xml:37:27-75
201
202                <data
202-->[com.google.firebase:firebase-auth:21.0.8] AndroidManifest.xml:39:17-42:51
203                    android:host="firebase.auth"
203-->[com.google.firebase:firebase-auth:21.0.8] AndroidManifest.xml:40:21-49
204                    android:path="/"
204-->[com.google.firebase:firebase-auth:21.0.8] AndroidManifest.xml:41:21-37
205                    android:scheme="recaptcha" />
205-->[com.google.firebase:firebase-auth:21.0.8] AndroidManifest.xml:42:21-48
206            </intent-filter>
207        </activity>
208
209        <receiver
209-->[com.google.firebase:firebase-messaging:23.0.8] AndroidManifest.xml:32:9-39:20
210            android:name="com.google.firebase.iid.FirebaseInstanceIdReceiver"
210-->[com.google.firebase:firebase-messaging:23.0.8] AndroidManifest.xml:33:13-78
211            android:exported="true"
211-->[com.google.firebase:firebase-messaging:23.0.8] AndroidManifest.xml:34:13-36
212            android:permission="com.google.android.c2dm.permission.SEND" >
212-->[com.google.firebase:firebase-messaging:23.0.8] AndroidManifest.xml:35:13-73
213            <intent-filter>
213-->[:firebase_messaging] AndroidManifest.xml:32:13-34:29
214                <action android:name="com.google.android.c2dm.intent.RECEIVE" />
214-->[:firebase_messaging] AndroidManifest.xml:33:17-81
214-->[:firebase_messaging] AndroidManifest.xml:33:25-78
215            </intent-filter>
216        </receiver>
217        <!--
218             FirebaseMessagingService performs security checks at runtime,
219             but set to not exported to explicitly avoid allowing another app to call it.
220        -->
221        <service
221-->[com.google.firebase:firebase-messaging:23.0.8] AndroidManifest.xml:45:9-52:19
222            android:name="com.google.firebase.messaging.FirebaseMessagingService"
222-->[com.google.firebase:firebase-messaging:23.0.8] AndroidManifest.xml:46:13-82
223            android:directBootAware="true"
223-->[com.google.firebase:firebase-messaging:23.0.8] AndroidManifest.xml:47:13-43
224            android:exported="false" >
224-->[com.google.firebase:firebase-messaging:23.0.8] AndroidManifest.xml:48:13-37
225            <intent-filter android:priority="-500" >
225-->[:firebase_messaging] AndroidManifest.xml:23:13-25:29
226                <action android:name="com.google.firebase.MESSAGING_EVENT" />
226-->[:firebase_messaging] AndroidManifest.xml:24:17-78
226-->[:firebase_messaging] AndroidManifest.xml:24:25-75
227            </intent-filter>
228        </service>
229
230        <provider
230-->[com.google.firebase:firebase-common:20.1.2] AndroidManifest.xml:26:9-31:39
231            android:name="com.google.firebase.provider.FirebaseInitProvider"
231-->[com.google.firebase:firebase-common:20.1.2] AndroidManifest.xml:27:13-77
232            android:authorities="com.example.dogs_park.firebaseinitprovider"
232-->[com.google.firebase:firebase-common:20.1.2] AndroidManifest.xml:28:13-72
233            android:directBootAware="true"
233-->[com.google.firebase:firebase-common:20.1.2] AndroidManifest.xml:29:13-43
234            android:exported="false"
234-->[com.google.firebase:firebase-common:20.1.2] AndroidManifest.xml:30:13-37
235            android:initOrder="100" /> <!-- Needs to be explicitly declared on P+ -->
235-->[com.google.firebase:firebase-common:20.1.2] AndroidManifest.xml:31:13-36
236        <uses-library
236-->[com.google.android.gms:play-services-maps:18.0.2] AndroidManifest.xml:39:9-41:40
237            android:name="org.apache.http.legacy"
237-->[com.google.android.gms:play-services-maps:18.0.2] AndroidManifest.xml:40:13-50
238            android:required="false" />
238-->[com.google.android.gms:play-services-maps:18.0.2] AndroidManifest.xml:41:13-37
239
240        <activity
240-->[com.google.android.gms:play-services-auth:20.0.1] AndroidManifest.xml:23:9-27:75
241            android:name="com.google.android.gms.auth.api.signin.internal.SignInHubActivity"
241-->[com.google.android.gms:play-services-auth:20.0.1] AndroidManifest.xml:24:13-93
242            android:excludeFromRecents="true"
242-->[com.google.android.gms:play-services-auth:20.0.1] AndroidManifest.xml:25:13-46
243            android:exported="false"
243-->[com.google.android.gms:play-services-auth:20.0.1] AndroidManifest.xml:26:13-37
244            android:theme="@android:style/Theme.Translucent.NoTitleBar" />
244-->[com.google.android.gms:play-services-auth:20.0.1] AndroidManifest.xml:27:13-72
245        <!--
246            Service handling Google Sign-In user revocation. For apps that do not integrate with
247            Google Sign-In, this service will never be started.
248        -->
249        <service
249-->[com.google.android.gms:play-services-auth:20.0.1] AndroidManifest.xml:33:9-37:51
250            android:name="com.google.android.gms.auth.api.signin.RevocationBoundService"
250-->[com.google.android.gms:play-services-auth:20.0.1] AndroidManifest.xml:34:13-89
251            android:exported="true"
251-->[com.google.android.gms:play-services-auth:20.0.1] AndroidManifest.xml:35:13-36
252            android:permission="com.google.android.gms.auth.api.signin.permission.REVOCATION_NOTIFICATION"
252-->[com.google.android.gms:play-services-auth:20.0.1] AndroidManifest.xml:36:13-107
253            android:visibleToInstantApps="true" />
253-->[com.google.android.gms:play-services-auth:20.0.1] AndroidManifest.xml:37:13-48
254
255        <activity
255-->[com.google.android.gms:play-services-base:18.0.1] AndroidManifest.xml:20:9-22:45
256            android:name="com.google.android.gms.common.api.GoogleApiActivity"
256-->[com.google.android.gms:play-services-base:18.0.1] AndroidManifest.xml:20:19-85
257            android:exported="false"
257-->[com.google.android.gms:play-services-base:18.0.1] AndroidManifest.xml:22:19-43
258            android:theme="@android:style/Theme.Translucent.NoTitleBar" />
258-->[com.google.android.gms:play-services-base:18.0.1] AndroidManifest.xml:21:19-78
259
260        <meta-data
260-->[com.google.android.gms:play-services-basement:18.1.0] AndroidManifest.xml:21:9-23:69
261            android:name="com.google.android.gms.version"
261-->[com.google.android.gms:play-services-basement:18.1.0] AndroidManifest.xml:22:13-58
262            android:value="@integer/google_play_services_version" />
262-->[com.google.android.gms:play-services-basement:18.1.0] AndroidManifest.xml:23:13-66
263
264        <service
264-->[com.google.android.datatransport:transport-backend-cct:3.1.7] AndroidManifest.xml:29:9-35:19
265            android:name="com.google.android.datatransport.runtime.backends.TransportBackendDiscovery"
265-->[com.google.android.datatransport:transport-backend-cct:3.1.7] AndroidManifest.xml:30:13-103
266            android:exported="false" >
266-->[com.google.android.datatransport:transport-backend-cct:3.1.7] AndroidManifest.xml:31:13-37
267            <meta-data
267-->[com.google.android.datatransport:transport-backend-cct:3.1.7] AndroidManifest.xml:32:13-34:39
268                android:name="backend:com.google.android.datatransport.cct.CctBackendFactory"
268-->[com.google.android.datatransport:transport-backend-cct:3.1.7] AndroidManifest.xml:33:17-94
269                android:value="cct" />
269-->[com.google.android.datatransport:transport-backend-cct:3.1.7] AndroidManifest.xml:34:17-36
270        </service>
271        <service
271-->[com.google.android.datatransport:transport-runtime:3.1.7] AndroidManifest.xml:26:9-30:19
272            android:name="com.google.android.datatransport.runtime.scheduling.jobscheduling.JobInfoSchedulerService"
272-->[com.google.android.datatransport:transport-runtime:3.1.7] AndroidManifest.xml:27:13-117
273            android:exported="false"
273-->[com.google.android.datatransport:transport-runtime:3.1.7] AndroidManifest.xml:28:13-37
274            android:permission="android.permission.BIND_JOB_SERVICE" >
274-->[com.google.android.datatransport:transport-runtime:3.1.7] AndroidManifest.xml:29:13-69
275        </service>
276
277        <receiver
277-->[com.google.android.datatransport:transport-runtime:3.1.7] AndroidManifest.xml:32:9-34:40
278            android:name="com.google.android.datatransport.runtime.scheduling.jobscheduling.AlarmManagerSchedulerBroadcastReceiver"
278-->[com.google.android.datatransport:transport-runtime:3.1.7] AndroidManifest.xml:33:13-132
279            android:exported="false" />
279-->[com.google.android.datatransport:transport-runtime:3.1.7] AndroidManifest.xml:34:13-37
280    </application>
281
282</manifest>